c:\users\david\dropbox\coding\vcpu\vcpu\debug\vc141.pdb
c:\users\david\dropbox\coding\vcpu\vcpu\debug\vc141.idb
c:\users\david\dropbox\coding\vcpu\vcpu\debug\wire.obj
c:\users\david\dropbox\coding\vcpu\vcpu\debug\transistor.obj
c:\users\david\dropbox\coding\vcpu\vcpu\debug\srlatch.obj
c:\users\david\dropbox\coding\vcpu\vcpu\debug\orgate.obj
c:\users\david\dropbox\coding\vcpu\vcpu\debug\norgate.obj
c:\users\david\dropbox\coding\vcpu\vcpu\debug\nandgate.obj
c:\users\david\dropbox\coding\vcpu\vcpu\debug\main.obj
c:\users\david\dropbox\coding\vcpu\vcpu\debug\jkflipflop.obj
c:\users\david\dropbox\coding\vcpu\vcpu\debug\inverter.obj
c:\users\david\dropbox\coding\vcpu\vcpu\debug\dflipflop.obj
c:\users\david\dropbox\coding\vcpu\vcpu\debug\component.obj
c:\users\david\dropbox\coding\vcpu\vcpu\debug\bundle.obj
c:\users\david\dropbox\coding\vcpu\vcpu\debug\andgate.obj
c:\users\david\dropbox\coding\vcpu\vcpu\debug\jkflipflop.obj.enc
c:\users\david\dropbox\coding\vcpu\debug\vcpu.pdb
c:\users\david\dropbox\coding\vcpu\vcpu\debug\vcpu.tlog\cl.command.1.tlog
c:\users\david\dropbox\coding\vcpu\vcpu\debug\vcpu.tlog\cl.read.1.tlog
c:\users\david\dropbox\coding\vcpu\vcpu\debug\vcpu.tlog\cl.write.1.tlog
c:\users\david\dropbox\coding\vcpu\vcpu\debug\vcpu.tlog\link-cvtres.read.1.tlog
c:\users\david\dropbox\coding\vcpu\vcpu\debug\vcpu.tlog\link-cvtres.write.1.tlog
c:\users\david\dropbox\coding\vcpu\vcpu\debug\vcpu.tlog\link-rc.read.1.tlog
c:\users\david\dropbox\coding\vcpu\vcpu\debug\vcpu.tlog\link-rc.write.1.tlog
c:\users\david\dropbox\coding\vcpu\vcpu\debug\vcpu.tlog\link.17212-cvtres.read.1.tlog
c:\users\david\dropbox\coding\vcpu\vcpu\debug\vcpu.tlog\link.17212-cvtres.write.1.tlog
c:\users\david\dropbox\coding\vcpu\vcpu\debug\vcpu.tlog\link.17212-rc.read.1.tlog
c:\users\david\dropbox\coding\vcpu\vcpu\debug\vcpu.tlog\link.17212-rc.write.1.tlog
c:\users\david\dropbox\coding\vcpu\vcpu\debug\vcpu.tlog\link.17212.read.1.tlog
c:\users\david\dropbox\coding\vcpu\vcpu\debug\vcpu.tlog\link.17212.write.1.tlog
c:\users\david\dropbox\coding\vcpu\vcpu\debug\vcpu.tlog\link.command.1.tlog
c:\users\david\dropbox\coding\vcpu\vcpu\debug\vcpu.tlog\link.read.1.tlog
c:\users\david\dropbox\coding\vcpu\vcpu\debug\vcpu.tlog\link.write.1.tlog
