  DFlipFlop.cpp
  JKFlipFlop.cpp
  main.cpp
c:\users\david\dropbox\coding\vcpu\vcpu\tests.h(139): error C2039: 'Connect': is not a member of 'JKFlipFlop'
  c:\users\david\dropbox\coding\vcpu\vcpu\jkflipflop.h(7): note: see declaration of 'JKFlipFlop'
c:\users\david\dropbox\coding\vcpu\vcpu\tests.h(143): error C2039: 'Connect': is not a member of 'JKFlipFlop'
  c:\users\david\dropbox\coding\vcpu\vcpu\jkflipflop.h(7): note: see declaration of 'JKFlipFlop'
c:\users\david\dropbox\coding\vcpu\vcpu\tests.h(147): error C2039: 'Connect': is not a member of 'JKFlipFlop'
  c:\users\david\dropbox\coding\vcpu\vcpu\jkflipflop.h(7): note: see declaration of 'JKFlipFlop'
c:\users\david\dropbox\coding\vcpu\vcpu\tests.h(154): error C2039: 'Connect': is not a member of 'JKFlipFlop'
  c:\users\david\dropbox\coding\vcpu\vcpu\jkflipflop.h(7): note: see declaration of 'JKFlipFlop'
c:\users\david\dropbox\coding\vcpu\vcpu\tests.h(158): error C2039: 'Connect': is not a member of 'JKFlipFlop'
  c:\users\david\dropbox\coding\vcpu\vcpu\jkflipflop.h(7): note: see declaration of 'JKFlipFlop'
c:\users\david\dropbox\coding\vcpu\vcpu\tests.h(166): error C2039: 'Connect': is not a member of 'JKFlipFlop'
  c:\users\david\dropbox\coding\vcpu\vcpu\jkflipflop.h(7): note: see declaration of 'JKFlipFlop'
c:\users\david\dropbox\coding\vcpu\vcpu\tests.h(178): error C2039: 'Connect': is not a member of 'JKFlipFlop'
  c:\users\david\dropbox\coding\vcpu\vcpu\jkflipflop.h(7): note: see declaration of 'JKFlipFlop'
c:\users\david\dropbox\coding\vcpu\vcpu\tests.h(186): error C2039: 'Connect': is not a member of 'JKFlipFlop'
  c:\users\david\dropbox\coding\vcpu\vcpu\jkflipflop.h(7): note: see declaration of 'JKFlipFlop'
c:\users\david\dropbox\coding\vcpu\vcpu\tests.h(190): error C2039: 'Connect': is not a member of 'JKFlipFlop'
  c:\users\david\dropbox\coding\vcpu\vcpu\jkflipflop.h(7): note: see declaration of 'JKFlipFlop'
c:\users\david\dropbox\coding\vcpu\vcpu\tests.h(194): error C2039: 'Connect': is not a member of 'JKFlipFlop'
  c:\users\david\dropbox\coding\vcpu\vcpu\jkflipflop.h(7): note: see declaration of 'JKFlipFlop'
c:\users\david\dropbox\coding\vcpu\vcpu\tests.h(198): error C2039: 'Connect': is not a member of 'JKFlipFlop'
  c:\users\david\dropbox\coding\vcpu\vcpu\jkflipflop.h(7): note: see declaration of 'JKFlipFlop'
c:\users\david\dropbox\coding\vcpu\vcpu\tests.h(202): error C2039: 'Connect': is not a member of 'JKFlipFlop'
  c:\users\david\dropbox\coding\vcpu\vcpu\jkflipflop.h(7): note: see declaration of 'JKFlipFlop'
c:\users\david\dropbox\coding\vcpu\vcpu\tests.h(221): error C2039: 'Connect': is not a member of 'DFlipFlop'
  c:\users\david\dropbox\coding\vcpu\vcpu\dflipflop.h(6): note: see declaration of 'DFlipFlop'
c:\users\david\dropbox\coding\vcpu\vcpu\tests.h(225): error C2039: 'Connect': is not a member of 'DFlipFlop'
  c:\users\david\dropbox\coding\vcpu\vcpu\dflipflop.h(6): note: see declaration of 'DFlipFlop'
c:\users\david\dropbox\coding\vcpu\vcpu\tests.h(229): error C2039: 'Connect': is not a member of 'DFlipFlop'
  c:\users\david\dropbox\coding\vcpu\vcpu\dflipflop.h(6): note: see declaration of 'DFlipFlop'
c:\users\david\dropbox\coding\vcpu\vcpu\tests.h(233): error C2039: 'Connect': is not a member of 'DFlipFlop'
  c:\users\david\dropbox\coding\vcpu\vcpu\dflipflop.h(6): note: see declaration of 'DFlipFlop'
c:\users\david\dropbox\coding\vcpu\vcpu\tests.h(245): error C2039: 'Connect': is not a member of 'DFlipFlop'
  c:\users\david\dropbox\coding\vcpu\vcpu\dflipflop.h(6): note: see declaration of 'DFlipFlop'
c:\users\david\dropbox\coding\vcpu\vcpu\tests.h(253): error C2039: 'Connect': is not a member of 'DFlipFlop'
  c:\users\david\dropbox\coding\vcpu\vcpu\dflipflop.h(6): note: see declaration of 'DFlipFlop'
  Generating Code...
